[0.173s] DEBUG:colcon:Command line arguments: ['/usr/bin/colcon', 'build']
[0.173s] DEBUG:colcon:Parsed command line arguments: Namespace(ament_cmake_args=None, base_paths='.', build_base='build', catkin_cmake_args=None, catkin_skip_building_tests=False, cmake_args=None, cmake_clean_cache=False, cmake_clean_first=False, cmake_force_configure=False, cmake_target=None, cmake_target_skip_unavailable=False, continue_on_error=False, event_handlers=None, executor='parallel', ignore_user_meta=False, install_base='install', log_base='log', log_level=None, main=<bound method BuildVerb.main of <colcon_core.verb.build.BuildVerb object at 0x7fe9873f19e8>>, merge_install=False, metas='./colcon.meta', packages_above=None, packages_above_depth=None, packages_end=None, packages_ignore=None, packages_ignore_regex=None, packages_select=None, packages_select_build_failed=False, packages_select_by_dep=None, packages_select_regex=None, packages_select_test_failures=False, packages_skip=None, packages_skip_build_finished=False, packages_skip_by_dep=None, packages_skip_regex=None, packages_skip_test_passed=False, packages_skip_up_to=None, packages_start=None, packages_up_to=None, parallel_workers=4, paths=None, symlink_install=False, test_result_base=None, verb_extension=<colcon_core.verb.build.BuildVerb object at 0x7fe9873f19e8>, verb_name='build', verb_parser=<colcon_defaults.argument_parser.defaults.DefaultArgumentsDecorator object at 0x7fe9873f1cf8>)
[0.228s] Level 1:colcon.colcon_core.package_discovery:discover_packages(colcon_meta) check parameters
[0.228s] Level 1:colcon.colcon_core.package_discovery:discover_packages(recursive) check parameters
[0.228s] Level 1:colcon.colcon_core.package_discovery:discover_packages(ignore) check parameters
[0.228s] Level 1:colcon.colcon_core.package_discovery:discover_packages(path) check parameters
[0.228s] Level 1:colcon.colcon_core.package_discovery:discover_packages(recursive) discover
[0.229s] INFO:colcon.colcon_core.package_discovery:Crawling recursively for packages in '/home/hirose/ros2_ws/ros_restaurant'
[0.229s] Level 1:colcon.colcon_core.package_identification:_identify(/home/hirose/ros2_ws/ros_restaurant) by extensions ['ignore', 'ignore_ament_install']
[0.229s] Level 1:colcon.colcon_core.package_identification:_identify(/home/hirose/ros2_ws/ros_restaurant) by extension 'ignore'
[0.229s] Level 1:colcon.colcon_core.package_identification:_identify(/home/hirose/ros2_ws/ros_restaurant) by extension 'ignore_ament_install'
[0.229s] Level 1:colcon.colcon_core.package_identification:_identify(/home/hirose/ros2_ws/ros_restaurant) by extensions ['colcon_pkg']
[0.230s] Level 1:colcon.colcon_core.package_identification:_identify(/home/hirose/ros2_ws/ros_restaurant) by extension 'colcon_pkg'
[0.231s] Level 1:colcon.colcon_core.package_identification:_identify(/home/hirose/ros2_ws/ros_restaurant) by extensions ['colcon_meta']
[0.232s] Level 1:colcon.colcon_core.package_identification:_identify(/home/hirose/ros2_ws/ros_restaurant) by extension 'colcon_meta'
[0.232s] Level 1:colcon.colcon_core.package_identification:_identify(/home/hirose/ros2_ws/ros_restaurant) by extensions ['ros']
[0.232s] Level 1:colcon.colcon_core.package_identification:_identify(/home/hirose/ros2_ws/ros_restaurant) by extension 'ros'
[0.254s] Level 1:colcon.colcon_core.package_identification:_identify(/home/hirose/ros2_ws/ros_restaurant) by extensions ['cmake', 'python']
[0.254s] Level 1:colcon.colcon_core.package_identification:_identify(/home/hirose/ros2_ws/ros_restaurant) by extension 'cmake'
[0.254s] Level 1:colcon.colcon_core.package_identification:_identify(/home/hirose/ros2_ws/ros_restaurant) by extension 'python'
[0.254s] Level 1:colcon.colcon_core.package_identification:_identify(/home/hirose/ros2_ws/ros_restaurant) by extensions ['python_setup_py']
[0.254s] Level 1:colcon.colcon_core.package_identification:_identify(/home/hirose/ros2_ws/ros_restaurant) by extension 'python_setup_py'
[0.254s] Level 1:colcon.colcon_core.package_identification:_identify(/home/hirose/ros2_ws/ros_restaurant/build) by extensions ['ignore', 'ignore_ament_install']
[0.255s] Level 1:colcon.colcon_core.package_identification:_identify(/home/hirose/ros2_ws/ros_restaurant/build) by extension 'ignore'
[0.255s] Level 1:colcon.colcon_core.package_identification:_identify(/home/hirose/ros2_ws/ros_restaurant/build) ignored
[0.255s] Level 1:colcon.colcon_core.package_identification:_identify(/home/hirose/ros2_ws/ros_restaurant/control_system) by extensions ['ignore', 'ignore_ament_install']
[0.255s] Level 1:colcon.colcon_core.package_identification:_identify(/home/hirose/ros2_ws/ros_restaurant/control_system) by extension 'ignore'
[0.255s] Level 1:colcon.colcon_core.package_identification:_identify(/home/hirose/ros2_ws/ros_restaurant/control_system) by extension 'ignore_ament_install'
[0.256s] Level 1:colcon.colcon_core.package_identification:_identify(/home/hirose/ros2_ws/ros_restaurant/control_system) by extensions ['colcon_pkg']
[0.256s] Level 1:colcon.colcon_core.package_identification:_identify(/home/hirose/ros2_ws/ros_restaurant/control_system) by extension 'colcon_pkg'
[0.256s] Level 1:colcon.colcon_core.package_identification:_identify(/home/hirose/ros2_ws/ros_restaurant/control_system) by extensions ['colcon_meta']
[0.256s] Level 1:colcon.colcon_core.package_identification:_identify(/home/hirose/ros2_ws/ros_restaurant/control_system) by extension 'colcon_meta'
[0.256s] Level 1:colcon.colcon_core.package_identification:_identify(/home/hirose/ros2_ws/ros_restaurant/control_system) by extensions ['ros']
[0.256s] Level 1:colcon.colcon_core.package_identification:_identify(/home/hirose/ros2_ws/ros_restaurant/control_system) by extension 'ros'
[0.259s] DEBUG:colcon.colcon_core.package_identification:Package '/home/hirose/ros2_ws/ros_restaurant/control_system' with type 'ros.ament_cmake' and name 'control_system'
[0.259s] Level 1:colcon.colcon_core.package_identification:_identify(/home/hirose/ros2_ws/ros_restaurant/image_system) by extensions ['ignore', 'ignore_ament_install']
[0.259s] Level 1:colcon.colcon_core.package_identification:_identify(/home/hirose/ros2_ws/ros_restaurant/image_system) by extension 'ignore'
[0.259s] Level 1:colcon.colcon_core.package_identification:_identify(/home/hirose/ros2_ws/ros_restaurant/image_system) by extension 'ignore_ament_install'
[0.259s] Level 1:colcon.colcon_core.package_identification:_identify(/home/hirose/ros2_ws/ros_restaurant/image_system) by extensions ['colcon_pkg']
[0.260s] Level 1:colcon.colcon_core.package_identification:_identify(/home/hirose/ros2_ws/ros_restaurant/image_system) by extension 'colcon_pkg'
[0.260s] Level 1:colcon.colcon_core.package_identification:_identify(/home/hirose/ros2_ws/ros_restaurant/image_system) by extensions ['colcon_meta']
[0.260s] Level 1:colcon.colcon_core.package_identification:_identify(/home/hirose/ros2_ws/ros_restaurant/image_system) by extension 'colcon_meta'
[0.260s] Level 1:colcon.colcon_core.package_identification:_identify(/home/hirose/ros2_ws/ros_restaurant/image_system) by extensions ['ros']
[0.260s] Level 1:colcon.colcon_core.package_identification:_identify(/home/hirose/ros2_ws/ros_restaurant/image_system) by extension 'ros'
[0.261s] DEBUG:colcon.colcon_core.package_identification:Package '/home/hirose/ros2_ws/ros_restaurant/image_system' with type 'ros.ament_cmake' and name 'image_system'
[0.261s] Level 1:colcon.colcon_core.package_identification:_identify(/home/hirose/ros2_ws/ros_restaurant/install) by extensions ['ignore', 'ignore_ament_install']
[0.261s] Level 1:colcon.colcon_core.package_identification:_identify(/home/hirose/ros2_ws/ros_restaurant/install) by extension 'ignore'
[0.261s] Level 1:colcon.colcon_core.package_identification:_identify(/home/hirose/ros2_ws/ros_restaurant/install) ignored
[0.262s] Level 1:colcon.colcon_core.package_identification:_identify(/home/hirose/ros2_ws/ros_restaurant/log) by extensions ['ignore', 'ignore_ament_install']
[0.262s] Level 1:colcon.colcon_core.package_identification:_identify(/home/hirose/ros2_ws/ros_restaurant/log) by extension 'ignore'
[0.262s] Level 1:colcon.colcon_core.package_identification:_identify(/home/hirose/ros2_ws/ros_restaurant/log) ignored
[0.262s] Level 1:colcon.colcon_core.package_identification:_identify(/home/hirose/ros2_ws/ros_restaurant/sound_system) by extensions ['ignore', 'ignore_ament_install']
[0.262s] Level 1:colcon.colcon_core.package_identification:_identify(/home/hirose/ros2_ws/ros_restaurant/sound_system) by extension 'ignore'
[0.263s] Level 1:colcon.colcon_core.package_identification:_identify(/home/hirose/ros2_ws/ros_restaurant/sound_system) by extension 'ignore_ament_install'
[0.263s] Level 1:colcon.colcon_core.package_identification:_identify(/home/hirose/ros2_ws/ros_restaurant/sound_system) by extensions ['colcon_pkg']
[0.263s] Level 1:colcon.colcon_core.package_identification:_identify(/home/hirose/ros2_ws/ros_restaurant/sound_system) by extension 'colcon_pkg'
[0.263s] Level 1:colcon.colcon_core.package_identification:_identify(/home/hirose/ros2_ws/ros_restaurant/sound_system) by extensions ['colcon_meta']
[0.263s] Level 1:colcon.colcon_core.package_identification:_identify(/home/hirose/ros2_ws/ros_restaurant/sound_system) by extension 'colcon_meta'
[0.263s] Level 1:colcon.colcon_core.package_identification:_identify(/home/hirose/ros2_ws/ros_restaurant/sound_system) by extensions ['ros']
[0.263s] Level 1:colcon.colcon_core.package_identification:_identify(/home/hirose/ros2_ws/ros_restaurant/sound_system) by extension 'ros'
[0.264s] DEBUG:colcon.colcon_core.package_identification:Package '/home/hirose/ros2_ws/ros_restaurant/sound_system' with type 'ros.ament_cmake' and name 'sound_system'
[0.264s] Level 1:colcon.colcon_core.package_discovery:discover_packages(recursive) using defaults
[0.273s] Level 5:colcon.colcon_core.verb:set package 'control_system' build argument 'cmake_args' from command line to 'None'
[0.273s] Level 5:colcon.colcon_core.verb:set package 'control_system' build argument 'cmake_target' from command line to 'None'
[0.273s] Level 5:colcon.colcon_core.verb:set package 'control_system' build argument 'cmake_target_skip_unavailable' from command line to 'False'
[0.273s] Level 5:colcon.colcon_core.verb:set package 'control_system' build argument 'cmake_clean_cache' from command line to 'False'
[0.273s] Level 5:colcon.colcon_core.verb:set package 'control_system' build argument 'cmake_clean_first' from command line to 'False'
[0.273s] Level 5:colcon.colcon_core.verb:set package 'control_system' build argument 'cmake_force_configure' from command line to 'False'
[0.273s] Level 5:colcon.colcon_core.verb:set package 'control_system' build argument 'ament_cmake_args' from command line to 'None'
[0.273s] Level 5:colcon.colcon_core.verb:set package 'control_system' build argument 'catkin_cmake_args' from command line to 'None'
[0.273s] Level 5:colcon.colcon_core.verb:set package 'control_system' build argument 'catkin_skip_building_tests' from command line to 'False'
[0.273s] DEBUG:colcon.colcon_core.verb:Building package 'control_system' with the following arguments: {'ament_cmake_args': None, 'build_base': '/home/hirose/ros2_ws/ros_restaurant/build/control_system', 'catkin_cmake_args': None, 'catkin_skip_building_tests': False, 'cmake_args': None, 'cmake_clean_cache': False, 'cmake_clean_first': False, 'cmake_force_configure': False, 'cmake_target': None, 'cmake_target_skip_unavailable': False, 'install_base': '/home/hirose/ros2_ws/ros_restaurant/install/control_system', 'merge_install': False, 'path': '/home/hirose/ros2_ws/ros_restaurant/control_system', 'symlink_install': False, 'test_result_base': None}
[0.277s] Level 5:colcon.colcon_core.verb:set package 'image_system' build argument 'cmake_args' from command line to 'None'
[0.277s] Level 5:colcon.colcon_core.verb:set package 'image_system' build argument 'cmake_target' from command line to 'None'
[0.277s] Level 5:colcon.colcon_core.verb:set package 'image_system' build argument 'cmake_target_skip_unavailable' from command line to 'False'
[0.277s] Level 5:colcon.colcon_core.verb:set package 'image_system' build argument 'cmake_clean_cache' from command line to 'False'
[0.277s] Level 5:colcon.colcon_core.verb:set package 'image_system' build argument 'cmake_clean_first' from command line to 'False'
[0.277s] Level 5:colcon.colcon_core.verb:set package 'image_system' build argument 'cmake_force_configure' from command line to 'False'
[0.277s] Level 5:colcon.colcon_core.verb:set package 'image_system' build argument 'ament_cmake_args' from command line to 'None'
[0.277s] Level 5:colcon.colcon_core.verb:set package 'image_system' build argument 'catkin_cmake_args' from command line to 'None'
[0.277s] Level 5:colcon.colcon_core.verb:set package 'image_system' build argument 'catkin_skip_building_tests' from command line to 'False'
[0.277s] DEBUG:colcon.colcon_core.verb:Building package 'image_system' with the following arguments: {'ament_cmake_args': None, 'build_base': '/home/hirose/ros2_ws/ros_restaurant/build/image_system', 'catkin_cmake_args': None, 'catkin_skip_building_tests': False, 'cmake_args': None, 'cmake_clean_cache': False, 'cmake_clean_first': False, 'cmake_force_configure': False, 'cmake_target': None, 'cmake_target_skip_unavailable': False, 'install_base': '/home/hirose/ros2_ws/ros_restaurant/install/image_system', 'merge_install': False, 'path': '/home/hirose/ros2_ws/ros_restaurant/image_system', 'symlink_install': False, 'test_result_base': None}
[0.281s] Level 5:colcon.colcon_core.verb:set package 'sound_system' build argument 'cmake_args' from command line to 'None'
[0.281s] Level 5:colcon.colcon_core.verb:set package 'sound_system' build argument 'cmake_target' from command line to 'None'
[0.282s] Level 5:colcon.colcon_core.verb:set package 'sound_system' build argument 'cmake_target_skip_unavailable' from command line to 'False'
[0.282s] Level 5:colcon.colcon_core.verb:set package 'sound_system' build argument 'cmake_clean_cache' from command line to 'False'
[0.282s] Level 5:colcon.colcon_core.verb:set package 'sound_system' build argument 'cmake_clean_first' from command line to 'False'
[0.282s] Level 5:colcon.colcon_core.verb:set package 'sound_system' build argument 'cmake_force_configure' from command line to 'False'
[0.282s] Level 5:colcon.colcon_core.verb:set package 'sound_system' build argument 'ament_cmake_args' from command line to 'None'
[0.282s] Level 5:colcon.colcon_core.verb:set package 'sound_system' build argument 'catkin_cmake_args' from command line to 'None'
[0.282s] Level 5:colcon.colcon_core.verb:set package 'sound_system' build argument 'catkin_skip_building_tests' from command line to 'False'
[0.282s] DEBUG:colcon.colcon_core.verb:Building package 'sound_system' with the following arguments: {'ament_cmake_args': None, 'build_base': '/home/hirose/ros2_ws/ros_restaurant/build/sound_system', 'catkin_cmake_args': None, 'catkin_skip_building_tests': False, 'cmake_args': None, 'cmake_clean_cache': False, 'cmake_clean_first': False, 'cmake_force_configure': False, 'cmake_target': None, 'cmake_target_skip_unavailable': False, 'install_base': '/home/hirose/ros2_ws/ros_restaurant/install/sound_system', 'merge_install': False, 'path': '/home/hirose/ros2_ws/ros_restaurant/sound_system', 'symlink_install': False, 'test_result_base': None}
[0.285s] INFO:colcon.colcon_core.executor:Executing jobs using 'parallel' executor
[0.286s] DEBUG:colcon.colcon_parallel_executor.executor.parallel:run_until_complete
[0.287s] INFO:colcon.colcon_ros.task.ament_cmake.build:Building ROS package in '/home/hirose/ros2_ws/ros_restaurant/control_system' with build type 'ament_cmake'
[0.293s] INFO:colcon.colcon_core.plugin_system:Skipping extension 'colcon_core.shell.bat': Not used on non-Windows systems
[0.293s] INFO:colcon.colcon_cmake.task.cmake.build:Building CMake package in '/home/hirose/ros2_ws/ros_restaurant/control_system'
[0.294s] INFO:colcon.colcon_core.shell:Skip shell extension 'powershell' for command environment: Not usable outside of PowerShell
[0.297s] DEBUG:colcon.colcon_core.shell:Ignoring prefix path '/opt/ros/crystal'
[0.301s] INFO:colcon.colcon_ros.task.ament_cmake.build:Building ROS package in '/home/hirose/ros2_ws/ros_restaurant/image_system' with build type 'ament_cmake'
[0.303s] INFO:colcon.colcon_cmake.task.cmake.build:Building CMake package in '/home/hirose/ros2_ws/ros_restaurant/image_system'
[0.304s] INFO:colcon.colcon_core.shell:Skip shell extension 'powershell' for command environment: Not usable outside of PowerShell
[0.308s] DEBUG:colcon.colcon_core.shell:Ignoring prefix path '/opt/ros/crystal'
[0.311s] INFO:colcon.colcon_ros.task.ament_cmake.build:Building ROS package in '/home/hirose/ros2_ws/ros_restaurant/sound_system' with build type 'ament_cmake'
[0.313s] INFO:colcon.colcon_cmake.task.cmake.build:Building CMake package in '/home/hirose/ros2_ws/ros_restaurant/sound_system'
[0.314s] INFO:colcon.colcon_core.shell:Skip shell extension 'powershell' for command environment: Not usable outside of PowerShell
[0.318s] DEBUG:colcon.colcon_core.shell:Ignoring prefix path '/opt/ros/crystal'
[0.335s] DEBUG:colcon.colcon_core.event_handler.log_command:Invoking command in '/home/hirose/ros2_ws/ros_restaurant/build/control_system': CMAKE_PREFIX_PATH=/opt/ros/crystal /usr/bin/cmake /home/hirose/ros2_ws/ros_restaurant/control_system -DCMAKE_INSTALL_PREFIX=/home/hirose/ros2_ws/ros_restaurant/install/control_system
[0.348s] DEBUG:colcon.colcon_core.event_handler.log_command:Invoking command in '/home/hirose/ros2_ws/ros_restaurant/build/image_system': CMAKE_PREFIX_PATH=/opt/ros/crystal /usr/bin/cmake /home/hirose/ros2_ws/ros_restaurant/image_system -DCMAKE_INSTALL_PREFIX=/home/hirose/ros2_ws/ros_restaurant/install/image_system
[0.371s] DEBUG:colcon.colcon_core.event_handler.log_command:Invoking command in '/home/hirose/ros2_ws/ros_restaurant/build/sound_system': CMAKE_PREFIX_PATH=/opt/ros/crystal /usr/bin/cmake /home/hirose/ros2_ws/ros_restaurant/sound_system -DCMAKE_INSTALL_PREFIX=/home/hirose/ros2_ws/ros_restaurant/install/sound_system
[0.383s] DEBUG:colcon.colcon_core.event_handler.log_command:Invoked command in '/home/hirose/ros2_ws/ros_restaurant/build/image_system' returned '1': CMAKE_PREFIX_PATH=/opt/ros/crystal /usr/bin/cmake /home/hirose/ros2_ws/ros_restaurant/image_system -DCMAKE_INSTALL_PREFIX=/home/hirose/ros2_ws/ros_restaurant/install/image_system
[1.717s] DEBUG:colcon.colcon_parallel_executor.executor.parallel:closing loop
[1.718s] DEBUG:colcon.colcon_parallel_executor.executor.parallel:loop closed
[1.718s] DEBUG:colcon.colcon_parallel_executor.executor.parallel:run_until_complete finished with '1'
[1.718s] DEBUG:colcon.colcon_core.event_reactor:joining thread
[1.728s] INFO:colcon.colcon_core.plugin_system:Skipping extension 'colcon_notification.desktop_notification.terminal_notifier': Not used on non-Darwin systems
[1.728s] INFO:colcon.colcon_core.plugin_system:Skipping extension 'colcon_notification.desktop_notification.win32': Not used on non-Windows systems
[1.728s] INFO:colcon.colcon_notification.desktop_notification:Sending desktop notification using 'notify2'
[1.732s] DEBUG:colcon.colcon_core.event_reactor:joined thread
[1.734s] INFO:colcon.colcon_core.shell:Creating prefix script '/home/hirose/ros2_ws/ros_restaurant/install/local_setup.ps1'
[1.736s] INFO:colcon.colcon_core.shell:Creating prefix chain script '/home/hirose/ros2_ws/ros_restaurant/install/setup.ps1'
[1.740s] INFO:colcon.colcon_core.shell:Creating prefix script '/home/hirose/ros2_ws/ros_restaurant/install/local_setup.sh'
[1.744s] INFO:colcon.colcon_core.shell:Creating prefix chain script '/home/hirose/ros2_ws/ros_restaurant/install/setup.sh'
[1.748s] INFO:colcon.colcon_core.shell:Creating prefix script '/home/hirose/ros2_ws/ros_restaurant/install/local_setup.bash'
[1.749s] INFO:colcon.colcon_core.shell:Creating prefix chain script '/home/hirose/ros2_ws/ros_restaurant/install/setup.bash'
[1.753s] INFO:colcon.colcon_core.shell:Creating prefix script '/home/hirose/ros2_ws/ros_restaurant/install/local_setup.zsh'
[1.755s] INFO:colcon.colcon_core.shell:Creating prefix chain script '/home/hirose/ros2_ws/ros_restaurant/install/setup.zsh'
