Invoking command in '/home/hirose/ros2_ws/ros_restaurant/build/control_system': CMAKE_PREFIX_PATH=/opt/ros/crystal /usr/bin/cmake /home/hirose/ros2_ws/ros_restaurant/control_system -DCMAKE_INSTALL_PREFIX=/home/hirose/ros2_ws/ros_restaurant/install/control_system
-- The C compiler identification is GNU 7.4.0
-- The CXX compiler identification is GNU 7.4.0
-- Check for working C compiler: /usr/bin/cc
-- Check for working C compiler: /usr/bin/cc -- works
-- Detecting C compiler ABI info
-- Detecting C compiler ABI info - done
-- Detecting C compile features
-- Detecting C compile features - done
-- Check for working CXX compiler: /usr/bin/c++
-- Check for working CXX compiler: /usr/bin/c++ -- works
-- Detecting CXX compiler ABI info
-- Detecting CXX compiler ABI info - done
-- Detecting CXX compile features
-- Detecting CXX compile features - done
-- Found ament_cmake: 0.6.1 (/opt/ros/crystal/share/ament_cmake/cmake)
-- Found PythonInterp: /usr/bin/python3 (found suitable version "3.6.8", minimum required is "3") 
-- Using PYTHON_EXECUTABLE: /usr/bin/python3
-- Found ament_lint_auto: 0.6.4 (/opt/ros/crystal/share/ament_lint_auto/cmake)
-- Added test 'lint_cmake' to check CMake code style
-- Added test 'xmllint' to check XML markup files
-- Configuring done
-- Generating done
-- Build files have been written to: /home/hirose/ros2_ws/ros_restaurant/build/control_system
