[0.210s] DEBUG:colcon:Command line arguments: ['/usr/bin/colcon', 'build', '--packages-select', 'sound_system']
[0.210s] DEBUG:colcon:Parsed command line arguments: Namespace(ament_cmake_args=None, base_paths='.', build_base='build', catkin_cmake_args=None, catkin_skip_building_tests=False, cmake_args=None, cmake_clean_cache=False, cmake_clean_first=False, cmake_force_configure=False, cmake_target=None, cmake_target_skip_unavailable=False, continue_on_error=False, event_handlers=None, executor='parallel', ignore_user_meta=False, install_base='install', log_base='log', log_level=None, main=<bound method BuildVerb.main of <colcon_core.verb.build.BuildVerb object at 0x7f9f5e4879e8>>, merge_install=False, metas='./colcon.meta', packages_above=None, packages_above_depth=None, packages_end=None, packages_ignore=None, packages_ignore_regex=None, packages_select=['sound_system'], packages_select_build_failed=False, packages_select_by_dep=None, packages_select_regex=None, packages_select_test_failures=False, packages_skip=None, packages_skip_build_finished=False, packages_skip_by_dep=None, packages_skip_regex=None, packages_skip_test_passed=False, packages_skip_up_to=None, packages_start=None, packages_up_to=None, parallel_workers=4, paths=None, symlink_install=False, test_result_base=None, verb_extension=<colcon_core.verb.build.BuildVerb object at 0x7f9f5e4879e8>, verb_name='build', verb_parser=<colcon_defaults.argument_parser.defaults.DefaultArgumentsDecorator object at 0x7f9f5e487cf8>)
[0.289s] Level 1:colcon.colcon_core.package_discovery:discover_packages(colcon_meta) check parameters
[0.289s] Level 1:colcon.colcon_core.package_discovery:discover_packages(recursive) check parameters
[0.289s] Level 1:colcon.colcon_core.package_discovery:discover_packages(ignore) check parameters
[0.289s] Level 1:colcon.colcon_core.package_discovery:discover_packages(path) check parameters
[0.289s] Level 1:colcon.colcon_core.package_discovery:discover_packages(recursive) discover
[0.289s] INFO:colcon.colcon_core.package_discovery:Crawling recursively for packages in '/home/hirose/ros2_ws/ros_restaurant'
[0.290s] Level 1:colcon.colcon_core.package_identification:_identify(/home/hirose/ros2_ws/ros_restaurant) by extensions ['ignore', 'ignore_ament_install']
[0.290s] Level 1:colcon.colcon_core.package_identification:_identify(/home/hirose/ros2_ws/ros_restaurant) by extension 'ignore'
[0.290s] Level 1:colcon.colcon_core.package_identification:_identify(/home/hirose/ros2_ws/ros_restaurant) by extension 'ignore_ament_install'
[0.290s] Level 1:colcon.colcon_core.package_identification:_identify(/home/hirose/ros2_ws/ros_restaurant) by extensions ['colcon_pkg']
[0.290s] Level 1:colcon.colcon_core.package_identification:_identify(/home/hirose/ros2_ws/ros_restaurant) by extension 'colcon_pkg'
[0.290s] Level 1:colcon.colcon_core.package_identification:_identify(/home/hirose/ros2_ws/ros_restaurant) by extensions ['colcon_meta']
[0.290s] Level 1:colcon.colcon_core.package_identification:_identify(/home/hirose/ros2_ws/ros_restaurant) by extension 'colcon_meta'
[0.290s] Level 1:colcon.colcon_core.package_identification:_identify(/home/hirose/ros2_ws/ros_restaurant) by extensions ['ros']
[0.290s] Level 1:colcon.colcon_core.package_identification:_identify(/home/hirose/ros2_ws/ros_restaurant) by extension 'ros'
[0.307s] Level 1:colcon.colcon_core.package_identification:_identify(/home/hirose/ros2_ws/ros_restaurant) by extensions ['cmake', 'python']
[0.307s] Level 1:colcon.colcon_core.package_identification:_identify(/home/hirose/ros2_ws/ros_restaurant) by extension 'cmake'
[0.307s] Level 1:colcon.colcon_core.package_identification:_identify(/home/hirose/ros2_ws/ros_restaurant) by extension 'python'
[0.307s] Level 1:colcon.colcon_core.package_identification:_identify(/home/hirose/ros2_ws/ros_restaurant) by extensions ['python_setup_py']
[0.307s] Level 1:colcon.colcon_core.package_identification:_identify(/home/hirose/ros2_ws/ros_restaurant) by extension 'python_setup_py'
[0.307s] Level 1:colcon.colcon_core.package_identification:_identify(/home/hirose/ros2_ws/ros_restaurant/build) by extensions ['ignore', 'ignore_ament_install']
[0.307s] Level 1:colcon.colcon_core.package_identification:_identify(/home/hirose/ros2_ws/ros_restaurant/build) by extension 'ignore'
[0.308s] Level 1:colcon.colcon_core.package_identification:_identify(/home/hirose/ros2_ws/ros_restaurant/build) ignored
[0.308s] Level 1:colcon.colcon_core.package_identification:_identify(/home/hirose/ros2_ws/ros_restaurant/control_system) by extensions ['ignore', 'ignore_ament_install']
[0.308s] Level 1:colcon.colcon_core.package_identification:_identify(/home/hirose/ros2_ws/ros_restaurant/control_system) by extension 'ignore'
[0.308s] Level 1:colcon.colcon_core.package_identification:_identify(/home/hirose/ros2_ws/ros_restaurant/control_system) by extension 'ignore_ament_install'
[0.308s] Level 1:colcon.colcon_core.package_identification:_identify(/home/hirose/ros2_ws/ros_restaurant/control_system) by extensions ['colcon_pkg']
[0.308s] Level 1:colcon.colcon_core.package_identification:_identify(/home/hirose/ros2_ws/ros_restaurant/control_system) by extension 'colcon_pkg'
[0.308s] Level 1:colcon.colcon_core.package_identification:_identify(/home/hirose/ros2_ws/ros_restaurant/control_system) by extensions ['colcon_meta']
[0.309s] Level 1:colcon.colcon_core.package_identification:_identify(/home/hirose/ros2_ws/ros_restaurant/control_system) by extension 'colcon_meta'
[0.309s] Level 1:colcon.colcon_core.package_identification:_identify(/home/hirose/ros2_ws/ros_restaurant/control_system) by extensions ['ros']
[0.309s] Level 1:colcon.colcon_core.package_identification:_identify(/home/hirose/ros2_ws/ros_restaurant/control_system) by extension 'ros'
[0.311s] DEBUG:colcon.colcon_core.package_identification:Package '/home/hirose/ros2_ws/ros_restaurant/control_system' with type 'ros.ament_cmake' and name 'control_system'
[0.312s] Level 1:colcon.colcon_core.package_identification:_identify(/home/hirose/ros2_ws/ros_restaurant/image_system) by extensions ['ignore', 'ignore_ament_install']
[0.312s] Level 1:colcon.colcon_core.package_identification:_identify(/home/hirose/ros2_ws/ros_restaurant/image_system) by extension 'ignore'
[0.312s] Level 1:colcon.colcon_core.package_identification:_identify(/home/hirose/ros2_ws/ros_restaurant/image_system) by extension 'ignore_ament_install'
[0.312s] Level 1:colcon.colcon_core.package_identification:_identify(/home/hirose/ros2_ws/ros_restaurant/image_system) by extensions ['colcon_pkg']
[0.312s] Level 1:colcon.colcon_core.package_identification:_identify(/home/hirose/ros2_ws/ros_restaurant/image_system) by extension 'colcon_pkg'
[0.312s] Level 1:colcon.colcon_core.package_identification:_identify(/home/hirose/ros2_ws/ros_restaurant/image_system) by extensions ['colcon_meta']
[0.312s] Level 1:colcon.colcon_core.package_identification:_identify(/home/hirose/ros2_ws/ros_restaurant/image_system) by extension 'colcon_meta'
[0.312s] Level 1:colcon.colcon_core.package_identification:_identify(/home/hirose/ros2_ws/ros_restaurant/image_system) by extensions ['ros']
[0.312s] Level 1:colcon.colcon_core.package_identification:_identify(/home/hirose/ros2_ws/ros_restaurant/image_system) by extension 'ros'
[0.313s] DEBUG:colcon.colcon_core.package_identification:Package '/home/hirose/ros2_ws/ros_restaurant/image_system' with type 'ros.ament_cmake' and name 'image_system'
[0.313s] Level 1:colcon.colcon_core.package_identification:_identify(/home/hirose/ros2_ws/ros_restaurant/install) by extensions ['ignore', 'ignore_ament_install']
[0.313s] Level 1:colcon.colcon_core.package_identification:_identify(/home/hirose/ros2_ws/ros_restaurant/install) by extension 'ignore'
[0.313s] Level 1:colcon.colcon_core.package_identification:_identify(/home/hirose/ros2_ws/ros_restaurant/install) ignored
[0.314s] Level 1:colcon.colcon_core.package_identification:_identify(/home/hirose/ros2_ws/ros_restaurant/log) by extensions ['ignore', 'ignore_ament_install']
[0.314s] Level 1:colcon.colcon_core.package_identification:_identify(/home/hirose/ros2_ws/ros_restaurant/log) by extension 'ignore'
[0.314s] Level 1:colcon.colcon_core.package_identification:_identify(/home/hirose/ros2_ws/ros_restaurant/log) ignored
[0.314s] Level 1:colcon.colcon_core.package_identification:_identify(/home/hirose/ros2_ws/ros_restaurant/sound_system) by extensions ['ignore', 'ignore_ament_install']
[0.314s] Level 1:colcon.colcon_core.package_identification:_identify(/home/hirose/ros2_ws/ros_restaurant/sound_system) by extension 'ignore'
[0.314s] Level 1:colcon.colcon_core.package_identification:_identify(/home/hirose/ros2_ws/ros_restaurant/sound_system) by extension 'ignore_ament_install'
[0.314s] Level 1:colcon.colcon_core.package_identification:_identify(/home/hirose/ros2_ws/ros_restaurant/sound_system) by extensions ['colcon_pkg']
[0.314s] Level 1:colcon.colcon_core.package_identification:_identify(/home/hirose/ros2_ws/ros_restaurant/sound_system) by extension 'colcon_pkg'
[0.314s] Level 1:colcon.colcon_core.package_identification:_identify(/home/hirose/ros2_ws/ros_restaurant/sound_system) by extensions ['colcon_meta']
[0.315s] Level 1:colcon.colcon_core.package_identification:_identify(/home/hirose/ros2_ws/ros_restaurant/sound_system) by extension 'colcon_meta'
[0.315s] Level 1:colcon.colcon_core.package_identification:_identify(/home/hirose/ros2_ws/ros_restaurant/sound_system) by extensions ['ros']
[0.315s] Level 1:colcon.colcon_core.package_identification:_identify(/home/hirose/ros2_ws/ros_restaurant/sound_system) by extension 'ros'
[0.315s] DEBUG:colcon.colcon_core.package_identification:Package '/home/hirose/ros2_ws/ros_restaurant/sound_system' with type 'ros.ament_cmake' and name 'sound_system'
[0.315s] Level 1:colcon.colcon_core.package_discovery:discover_packages(recursive) using defaults
[0.319s] INFO:colcon.colcon_core.package_selection:Skipping not selected package 'control_system' in '/home/hirose/ros2_ws/ros_restaurant/control_system'
[0.319s] INFO:colcon.colcon_core.package_selection:Skipping not selected package 'image_system' in '/home/hirose/ros2_ws/ros_restaurant/image_system'
[0.322s] Level 5:colcon.colcon_core.verb:set package 'sound_system' build argument 'cmake_args' from command line to 'None'
[0.322s] Level 5:colcon.colcon_core.verb:set package 'sound_system' build argument 'cmake_target' from command line to 'None'
[0.322s] Level 5:colcon.colcon_core.verb:set package 'sound_system' build argument 'cmake_target_skip_unavailable' from command line to 'False'
[0.322s] Level 5:colcon.colcon_core.verb:set package 'sound_system' build argument 'cmake_clean_cache' from command line to 'False'
[0.322s] Level 5:colcon.colcon_core.verb:set package 'sound_system' build argument 'cmake_clean_first' from command line to 'False'
[0.323s] Level 5:colcon.colcon_core.verb:set package 'sound_system' build argument 'cmake_force_configure' from command line to 'False'
[0.323s] Level 5:colcon.colcon_core.verb:set package 'sound_system' build argument 'ament_cmake_args' from command line to 'None'
[0.323s] Level 5:colcon.colcon_core.verb:set package 'sound_system' build argument 'catkin_cmake_args' from command line to 'None'
[0.323s] Level 5:colcon.colcon_core.verb:set package 'sound_system' build argument 'catkin_skip_building_tests' from command line to 'False'
[0.323s] DEBUG:colcon.colcon_core.verb:Building package 'sound_system' with the following arguments: {'ament_cmake_args': None, 'build_base': '/home/hirose/ros2_ws/ros_restaurant/build/sound_system', 'catkin_cmake_args': None, 'catkin_skip_building_tests': False, 'cmake_args': None, 'cmake_clean_cache': False, 'cmake_clean_first': False, 'cmake_force_configure': False, 'cmake_target': None, 'cmake_target_skip_unavailable': False, 'install_base': '/home/hirose/ros2_ws/ros_restaurant/install/sound_system', 'merge_install': False, 'path': '/home/hirose/ros2_ws/ros_restaurant/sound_system', 'symlink_install': False, 'test_result_base': None}
[0.324s] INFO:colcon.colcon_core.executor:Executing jobs using 'parallel' executor
[0.325s] DEBUG:colcon.colcon_parallel_executor.executor.parallel:run_until_complete
[0.325s] INFO:colcon.colcon_ros.task.ament_cmake.build:Building ROS package in '/home/hirose/ros2_ws/ros_restaurant/sound_system' with build type 'ament_cmake'
[0.331s] INFO:colcon.colcon_core.plugin_system:Skipping extension 'colcon_core.shell.bat': Not used on non-Windows systems
[0.332s] INFO:colcon.colcon_cmake.task.cmake.build:Building CMake package in '/home/hirose/ros2_ws/ros_restaurant/sound_system'
[0.332s] INFO:colcon.colcon_core.shell:Skip shell extension 'powershell' for command environment: Not usable outside of PowerShell
[0.335s] DEBUG:colcon.colcon_core.shell:Ignoring prefix path '/opt/ros/crystal'
[0.348s] DEBUG:colcon.colcon_core.event_handler.log_command:Invoking command in '/home/hirose/ros2_ws/ros_restaurant/build/sound_system': CMAKE_PREFIX_PATH=/opt/ros/crystal /usr/bin/cmake /home/hirose/ros2_ws/ros_restaurant/sound_system -DCMAKE_INSTALL_PREFIX=/home/hirose/ros2_ws/ros_restaurant/install/sound_system
[0.365s] DEBUG:colcon.colcon_core.event_handler.log_command:Invoked command in '/home/hirose/ros2_ws/ros_restaurant/build/sound_system' returned '1': CMAKE_PREFIX_PATH=/opt/ros/crystal /usr/bin/cmake /home/hirose/ros2_ws/ros_restaurant/sound_system -DCMAKE_INSTALL_PREFIX=/home/hirose/ros2_ws/ros_restaurant/install/sound_system
[0.375s] DEBUG:colcon.colcon_parallel_executor.executor.parallel:closing loop
[0.375s] DEBUG:colcon.colcon_parallel_executor.executor.parallel:loop closed
[0.376s] DEBUG:colcon.colcon_parallel_executor.executor.parallel:run_until_complete finished with '1'
[0.376s] DEBUG:colcon.colcon_core.event_reactor:joining thread
[0.387s] INFO:colcon.colcon_core.plugin_system:Skipping extension 'colcon_notification.desktop_notification.terminal_notifier': Not used on non-Darwin systems
[0.387s] INFO:colcon.colcon_core.plugin_system:Skipping extension 'colcon_notification.desktop_notification.win32': Not used on non-Windows systems
[0.387s] INFO:colcon.colcon_notification.desktop_notification:Sending desktop notification using 'notify2'
[0.392s] DEBUG:colcon.colcon_core.event_reactor:joined thread
[0.393s] INFO:colcon.colcon_core.shell:Creating prefix script '/home/hirose/ros2_ws/ros_restaurant/install/local_setup.ps1'
[0.395s] INFO:colcon.colcon_core.shell:Creating prefix chain script '/home/hirose/ros2_ws/ros_restaurant/install/setup.ps1'
[0.401s] INFO:colcon.colcon_core.shell:Creating prefix script '/home/hirose/ros2_ws/ros_restaurant/install/local_setup.sh'
[0.403s] INFO:colcon.colcon_core.shell:Creating prefix chain script '/home/hirose/ros2_ws/ros_restaurant/install/setup.sh'
[0.408s] INFO:colcon.colcon_core.shell:Creating prefix script '/home/hirose/ros2_ws/ros_restaurant/install/local_setup.bash'
[0.409s] INFO:colcon.colcon_core.shell:Creating prefix chain script '/home/hirose/ros2_ws/ros_restaurant/install/setup.bash'
[0.412s] INFO:colcon.colcon_core.shell:Creating prefix script '/home/hirose/ros2_ws/ros_restaurant/install/local_setup.zsh'
[0.413s] INFO:colcon.colcon_core.shell:Creating prefix chain script '/home/hirose/ros2_ws/ros_restaurant/install/setup.zsh'
